

Version:	3.50
CmdLine:	C:\Users\jmoju\Desktop\Dist\confi.exe --l4j-debug
JNI:		No
WOW64:		Yes
Working dir:	C:\Users\jmoju\Desktop\Dist\.
Requires JDK:	No
Requires 64-Bit: No
Java min ver:	
Java max ver:	
JRE paths:	jre
Check launcher:	C:\Users\jmoju\Desktop\Dist\jre\bin\javaw.exe (not found)
Error msg:	This application requires a Java Runtime Environment.


Version:	3.50
CmdLine:	C:\Users\jmoju\Desktop\Dist\confi.exe --l4j-debug
JNI:		No
WOW64:		Yes
Working dir:	C:\Users\jmoju\Desktop\Dist\.
Requires JDK:	No
Requires 64-Bit: No
Java min ver:	
Java max ver:	
JRE paths:	jre
Check launcher:	C:\Users\jmoju\Desktop\Dist\jre\bin\javaw.exe (OK)
Version string: 1.021.000_007 / 64-Bit (OK)
Main class:	com.tunnel.Launcher
Info:		Classpath not defined.
Launcher:	C:\Users\jmoju\Desktop\Dist\jre\bin\javaw.exe
Launcher args:	-classpath "C:\Users\jmoju\Desktop\Dist\confi.exe" com.tunnel.Launcher
Args length:	70/32768 chars
Exit code:	0


Version:	3.50
CmdLine:	C:\Users\jmoju\Desktop\Dist\confi.exe --l4j-debug
JNI:		No
WOW64:		Yes
Working dir:	C:\Users\jmoju\Desktop\Dist\.
Requires JDK:	No
Requires 64-Bit: No
Java min ver:	
Java max ver:	
JRE paths:	jre
Check launcher:	C:\Users\jmoju\Desktop\Dist\jre\bin\javaw.exe (OK)
Version string: 1.021.000_007 / 64-Bit (OK)
Main class:	com.tunnel.Launcher
Info:		Classpath not defined.
Launcher:	C:\Users\jmoju\Desktop\Dist\jre\bin\javaw.exe
Launcher args:	-classpath "C:\Users\jmoju\Desktop\Dist\confi.exe" com.tunnel.Launcher
Args length:	70/32768 chars
Exit code:	0


Version:	3.50
CmdLine:	C:\Users\jmoju\Desktop\Dist\confi.exe --l4j-debug
JNI:		No
WOW64:		Yes
Working dir:	C:\Users\jmoju\Desktop\Dist\.
Requires JDK:	No
Requires 64-Bit: No
Java min ver:	
Java max ver:	
JRE paths:	jre
Check launcher:	C:\Users\jmoju\Desktop\Dist\jre\bin\javaw.exe (not found)
Error msg:	This application requires a Java Runtime Environment.


Version:	3.50
CmdLine:	C:\Users\jmoju\Desktop\Dist\confi.exe --l4j-debug
JNI:		No
WOW64:		Yes
Working dir:	C:\Users\jmoju\Desktop\Dist\.
Requires JDK:	No
Requires 64-Bit: No
Java min ver:	
Java max ver:	
JRE paths:	jre
Check launcher:	C:\Users\jmoju\Desktop\Dist\jre\bin\javaw.exe (OK)
Version string: 1.025.000_001 / 64-Bit (OK)
Main class:	com.tunnel.Launcher
Info:		Classpath not defined.
Launcher:	C:\Users\jmoju\Desktop\Dist\jre\bin\javaw.exe
Launcher args:	-classpath "C:\Users\jmoju\Desktop\Dist\confi.exe" com.tunnel.Launcher
Args length:	70/32768 chars
Exit code:	0


Version:	3.50
CmdLine:	C:\Users\jmoju\Desktop\Dist\confi.exe --l4j-debug
JNI:		No
WOW64:		Yes
Working dir:	C:\Users\jmoju\Desktop\Dist\.
Requires JDK:	No
Requires 64-Bit: No
Java min ver:	
Java max ver:	
JRE paths:	jre
Check launcher:	C:\Users\jmoju\Desktop\Dist\jre\bin\javaw.exe (OK)
Version string: 1.025.000_001 / 64-Bit (OK)
Main class:	com.tunnel.Launcher
Info:		Classpath not defined.
Launcher:	C:\Users\jmoju\Desktop\Dist\jre\bin\javaw.exe
Launcher args:	-classpath "C:\Users\jmoju\Desktop\Dist\confi.exe" com.tunnel.Launcher
Args length:	70/32768 chars
Exit code:	0


Version:	3.50
CmdLine:	C:\Users\jmoju\Desktop\Dist\confi.exe --l4j-debug
JNI:		No
WOW64:		Yes
Working dir:	C:\Users\jmoju\Desktop\Dist\.
Requires JDK:	No
Requires 64-Bit: No
Java min ver:	
Java max ver:	
JRE paths:	jre
Check launcher:	C:\Users\jmoju\Desktop\Dist\jre\bin\javaw.exe (OK)
Version string: 1.025.000_001 / 64-Bit (OK)
Main class:	com.tunnel.Launcher
Info:		Classpath not defined.
Launcher:	C:\Users\jmoju\Desktop\Dist\jre\bin\javaw.exe
Launcher args:	-classpath "C:\Users\jmoju\Desktop\Dist\confi.exe" com.tunnel.Launcher
Args length:	70/32768 chars
Exit code:	0


Version:	3.50
CmdLine:	C:\Users\jmoju\Desktop\Dist\confi.exe --l4j-debug
JNI:		No
WOW64:		Yes
Working dir:	C:\Users\jmoju\Desktop\Dist\.
Requires JDK:	No
Requires 64-Bit: No
Java min ver:	
Java max ver:	
JRE paths:	jre
Check launcher:	C:\Users\jmoju\Desktop\Dist\jre\bin\javaw.exe (OK)
Version string: 1.025.000_001 / 64-Bit (OK)
Main class:	com.tunnel.Launcher
Info:		Classpath not defined.
Launcher:	C:\Users\jmoju\Desktop\Dist\jre\bin\javaw.exe
Launcher args:	-classpath "C:\Users\jmoju\Desktop\Dist\confi.exe" com.tunnel.Launcher
Args length:	70/32768 chars
Exit code:	0


Version:	3.50
CmdLine:	C:\Users\jmoju\Desktop\Dist\confi.exe --l4j-debug
JNI:		No
WOW64:		Yes
Working dir:	C:\Users\jmoju\Desktop\Dist\.
Requires JDK:	No
Requires 64-Bit: No
Java min ver:	
Java max ver:	
JRE paths:	jre
Check launcher:	C:\Users\jmoju\Desktop\Dist\jre\bin\javaw.exe (OK)
Version string: 1.025.000_001 / 64-Bit (OK)
Main class:	com.tunnel.Launcher
Info:		Classpath not defined.
Launcher:	C:\Users\jmoju\Desktop\Dist\jre\bin\javaw.exe
Launcher args:	-classpath "C:\Users\jmoju\Desktop\Dist\confi.exe" com.tunnel.Launcher
Args length:	70/32768 chars
Exit code:	0


Version:	3.50
CmdLine:	C:\Users\jmoju\Desktop\Dist\confi.exe --l4j-debug
JNI:		No
WOW64:		Yes
Working dir:	C:\Users\jmoju\Desktop\Dist\.
Requires JDK:	No
Requires 64-Bit: No
Java min ver:	
Java max ver:	
JRE paths:	jre
Check launcher:	C:\Users\jmoju\Desktop\Dist\jre\bin\javaw.exe (OK)
Version string: 1.025.000_001 / 64-Bit (OK)
Main class:	com.tunnel.Launcher
Info:		Classpath not defined.
Launcher:	C:\Users\jmoju\Desktop\Dist\jre\bin\javaw.exe
Launcher args:	-classpath "C:\Users\jmoju\Desktop\Dist\confi.exe" com.tunnel.Launcher
Args length:	70/32768 chars
Exit code:	0


Version:	3.50
CmdLine:	C:\Users\jmoju\Desktop\Dist\confi.exe --l4j-debug
JNI:		No
WOW64:		Yes
Working dir:	C:\Users\jmoju\Desktop\Dist\.
Requires JDK:	No
Requires 64-Bit: No
Java min ver:	
Java max ver:	
JRE paths:	jre
Check launcher:	C:\Users\jmoju\Desktop\Dist\jre\bin\javaw.exe (OK)
Version string: 1.025.000_001 / 64-Bit (OK)
Main class:	com.tunnel.Launcher
Info:		Classpath not defined.
Launcher:	C:\Users\jmoju\Desktop\Dist\jre\bin\javaw.exe
Launcher args:	-classpath "C:\Users\jmoju\Desktop\Dist\confi.exe" com.tunnel.Launcher
Args length:	70/32768 chars
Exit code:	0
